<?xml version="1.0" encoding="UTF-8"?>
<!-- Generated by org.testng.reporters.JUnitXMLReporter -->
<testsuite hostname="EPKZALMW0013" name="Surefire test" tests="8" failures="0" timestamp="7 Dec 2019 14:08:58 GMT" time="0.099" errors="0">
  <testcase name="testDivideByZero on testDivideByZero(junit.TestCalculator)" time="0.002" classname="junit.TestCalculator"/>
  <testcase name="testAdd on testAdd(junit.TestCalculator)" time="0.005" classname="junit.TestCalculator"/>
  <testcase name="testSubtract on testSubtract(junit.TestCalculator)" time="0.0" classname="junit.TestCalculator"/>
  <testcase name="testPower on testPower(junit.TestCalculator)" time="0.001" classname="junit.TestCalculator"/>
  <testcase name="testRoot on testRoot(junit.TestCalculator)" time="0.0" classname="junit.TestCalculator"/>
  <testcase name="testFibonacci on testFibonacci(junit.TestCalculator)" time="0.049" classname="junit.TestCalculator"/>
  <testcase name="testFactorialWithTimeout1 on testFactorialWithTimeout1(junit.TestCalculator)" time="0.001" classname="junit.TestCalculator"/>
  <testcase name="testDivide on testDivide(junit.TestCalculator)" time="0.0" classname="junit.TestCalculator"/>
</testsuite> <!-- Surefire test -->
