<?xml version="1.0" encoding="UTF-8"?>
<testsuite xmlns:xsi="http://www.w3.org/2001/XMLSchema-instance" xsi:noNamespaceSchemaLocation="https://maven.apache.org/surefire/maven-surefire-plugin/xsd/surefire-test-report.xsd" name="TestSuite" time="0.484" tests="15" errors="0" skipped="0" failures="0">
  <properties>
[...]
</properties>
  <testcase name="testAdd" classname="testng.TestCalculator" time="0.002"/>
  <testcase name="testDivide" classname="testng.TestCalculator" time="0"/>
  <testcase name="testDivideByZero" classname="testng.TestCalculator" time="0"/>
  <testcase name="testFactorialWithTimeout1" classname="testng.TestCalculator" time="0.009"/>
  <testcase name="testPower" classname="testng.TestCalculator" time="0"/>
  <testcase name="testRoot" classname="testng.TestCalculator" time="0"/>
  <testcase name="testSubtract" classname="testng.TestCalculator" time="0"/>
  <testcase name="testDivideByZero on testDivideByZero(junit.TestCalculator)" classname="junit.TestCalculator" time="0.001"/>
  <testcase name="testAdd on testAdd(junit.TestCalculator)" classname="junit.TestCalculator" time="0.005"/>
  <testcase name="testSubtract on testSubtract(junit.TestCalculator)" classname="junit.TestCalculator" time="0"/>
  <testcase name="testPower on testPower(junit.TestCalculator)" classname="junit.TestCalculator" time="0"/>
  <testcase name="testRoot on testRoot(junit.TestCalculator)" classname="junit.TestCalculator" time="0"/>
  <testcase name="testFibonacci on testFibonacci(junit.TestCalculator)" classname="junit.TestCalculator" time="0.049"/>
  <testcase name="testFactorialWithTimeout1 on testFactorialWithTimeout1(junit.TestCalculator)" classname="junit.TestCalculator" time="0.001"/>
  <testcase name="testDivide on testDivide(junit.TestCalculator)" classname="junit.TestCalculator" time="0"/>
</testsuite>