<?xml version="1.0" encoding="UTF-8"?>
<testng-results skipped="0" failed="0" total="7" passed="7">
  <reporter-output>
  </reporter-output>
  <suite name="Surefire suite" duration-ms="31" started-at="2019-12-07T14:08:57Z" finished-at="2019-12-07T14:08:57Z">
    <groups>
    </groups>
    <test name="Surefire test" duration-ms="31" started-at="2019-12-07T14:08:57Z" finished-at="2019-12-07T14:08:57Z">
      <class name="testng.TestCalculator">
        <test-method status="PASS" signature="prepareData()[pri:0, instance:testng.TestCalculator@3796751b]" name="prepareData" is-config="true" duration-ms="5" started-at="2019-12-07T20:08:57Z" finished-at="2019-12-07T20:08:57Z">
          <reporter-output>
          </reporter-output>
        </test-method> <!-- prepareData -->
        <test-method status="PASS" signature="testAdd()[pri:0, instance:testng.TestCalculator@3796751b]" name="testAdd" duration-ms="2" started-at="2019-12-07T20:08:57Z" finished-at="2019-12-07T20:08:57Z">
          <reporter-output>
          </reporter-output>
        </test-method> <!-- testAdd -->
        <test-method status="PASS" signature="drop()[pri:0, instance:testng.TestCalculator@3796751b]" name="drop" is-config="true" duration-ms="0" started-at="2019-12-07T20:08:57Z" finished-at="2019-12-07T20:08:57Z">
          <reporter-output>
          </reporter-output>
        </test-method> <!-- drop -->
        <test-method status="PASS" signature="drop()[pri:0, instance:testng.TestCalculator@3796751b]" name="drop" is-config="true" duration-ms="0" started-at="2019-12-07T20:08:57Z" finished-at="2019-12-07T20:08:57Z">
          <reporter-output>
          </reporter-output>
        </test-method> <!-- drop -->
        <test-method status="PASS" signature="prepareData()[pri:0, instance:testng.TestCalculator@3796751b]" name="prepareData" is-config="true" duration-ms="1" started-at="2019-12-07T20:08:57Z" finished-at="2019-12-07T20:08:57Z">
          <reporter-output>
          </reporter-output>
        </test-method> <!-- prepareData -->
        <test-method status="PASS" signature="testDivide()[pri:0, instance:testng.TestCalculator@3796751b]" name="testDivide" duration-ms="0" started-at="2019-12-07T20:08:57Z" finished-at="2019-12-07T20:08:57Z">
          <reporter-output>
          </reporter-output>
        </test-method> <!-- testDivide -->
        <test-method status="PASS" signature="prepareData()[pri:0, instance:testng.TestCalculator@3796751b]" name="prepareData" is-config="true" duration-ms="0" started-at="2019-12-07T20:08:57Z" finished-at="2019-12-07T20:08:57Z">
          <reporter-output>
          </reporter-output>
        </test-method> <!-- prepareData -->
        <test-method status="PASS" signature="testFactorialWithTimeout1()[pri:0, instance:testng.TestCalculator@3796751b]" name="testFactorialWithTimeout1" duration-ms="9" started-at="2019-12-07T20:08:57Z" finished-at="2019-12-07T20:08:57Z">
          <reporter-output>
          </reporter-output>
        </test-method> <!-- testFactorialWithTimeout1 -->
        <test-method status="PASS" signature="prepareData()[pri:0, instance:testng.TestCalculator@3796751b]" name="prepareData" is-config="true" duration-ms="0" started-at="2019-12-07T20:08:57Z" finished-at="2019-12-07T20:08:57Z">
          <reporter-output>
          </reporter-output>
        </test-method> <!-- prepareData -->
        <test-method status="PASS" signature="drop()[pri:0, instance:testng.TestCalculator@3796751b]" name="drop" is-config="true" duration-ms="0" started-at="2019-12-07T20:08:57Z" finished-at="2019-12-07T20:08:57Z">
          <reporter-output>
          </reporter-output>
        </test-method> <!-- drop -->
        <test-method status="PASS" signature="testDivideByZero()[pri:0, instance:testng.TestCalculator@3796751b]" name="testDivideByZero" duration-ms="0" started-at="2019-12-07T20:08:57Z" finished-at="2019-12-07T20:08:57Z">
          <exception class="java.lang.IllegalArgumentException">
            <message>
              <![CDATA[Can not divide by zero]]>
            </message>
            <full-stacktrace>
              <![CDATA[java.lang.IllegalArgumentException: Can not divide by zero
	at utils.Calculator.divide(Calculator.java:23)
	at testng.TestCalculator.testDivideByZero(TestCalculator.java:40)
	at sun.reflect.NativeMethodAccessorImpl.invoke0(Native Method)
	at sun.reflect.NativeMethodAccessorImpl.invoke(NativeMethodAccessorImpl.java:62)
	at sun.reflect.DelegatingMethodAccessorImpl.invoke(DelegatingMethodAccessorImpl.java:43)
	at java.lang.reflect.Method.invoke(Method.java:498)
	at org.testng.internal.MethodInvocationHelper.invokeMethod(MethodInvocationHelper.java:80)
	at org.testng.internal.Invoker.invokeMethod(Invoker.java:714)
	at org.testng.internal.Invoker.invokeTestMethod(Invoker.java:901)
	at org.testng.internal.Invoker.invokeTestMethods(Invoker.java:1231)
	at org.testng.internal.TestMethodWorker.invokeTestMethods(TestMethodWorker.java:127)
	at org.testng.internal.TestMethodWorker.run(TestMethodWorker.java:111)
	at org.testng.TestRunner.privateRun(TestRunner.java:767)
	at org.testng.TestRunner.run(TestRunner.java:617)
	at org.testng.SuiteRunner.runTest(SuiteRunner.java:334)
	at org.testng.SuiteRunner.runSequentially(SuiteRunner.java:329)
	at org.testng.SuiteRunner.privateRun(SuiteRunner.java:291)
	at org.testng.SuiteRunner.run(SuiteRunner.java:240)
	at org.testng.SuiteRunnerWorker.runSuite(SuiteRunnerWorker.java:52)
	at org.testng.SuiteRunnerWorker.run(SuiteRunnerWorker.java:86)
	at org.testng.TestNG.runSuitesSequentially(TestNG.java:1198)
	at org.testng.TestNG.runSuitesLocally(TestNG.java:1123)
	at org.testng.TestNG.run(TestNG.java:1031)
	at org.apache.maven.surefire.testng.TestNGExecutor.run(TestNGExecutor.java:135)
	at org.apache.maven.surefire.testng.TestNGDirectoryTestSuite.executeMulti(TestNGDirectoryTestSuite.java:193)
	at org.apache.maven.surefire.testng.TestNGDirectoryTestSuite.execute(TestNGDirectoryTestSuite.java:94)
	at org.apache.maven.surefire.testng.TestNGProvider.invoke(TestNGProvider.java:146)
	at org.apache.maven.surefire.booter.ForkedBooter.invokeProviderInSameClassLoader(ForkedBooter.java:384)
	at org.apache.maven.surefire.booter.ForkedBooter.runSuitesInProcess(ForkedBooter.java:345)
	at org.apache.maven.surefire.booter.ForkedBooter.execute(ForkedBooter.java:126)
	at org.apache.maven.surefire.booter.ForkedBooter.main(ForkedBooter.java:418)
]]>
            </full-stacktrace>
          </exception> <!-- java.lang.IllegalArgumentException -->
          <reporter-output>
          </reporter-output>
        </test-method> <!-- testDivideByZero -->
        <test-method status="PASS" signature="drop()[pri:0, instance:testng.TestCalculator@3796751b]" name="drop" is-config="true" duration-ms="0" started-at="2019-12-07T20:08:57Z" finished-at="2019-12-07T20:08:57Z">
          <reporter-output>
          </reporter-output>
        </test-method> <!-- drop -->
        <test-method status="PASS" signature="prepareData()[pri:0, instance:testng.TestCalculator@3796751b]" name="prepareData" is-config="true" duration-ms="0" started-at="2019-12-07T20:08:57Z" finished-at="2019-12-07T20:08:57Z">
          <reporter-output>
          </reporter-output>
        </test-method> <!-- prepareData -->
        <test-method status="PASS" signature="testPower()[pri:0, instance:testng.TestCalculator@3796751b]" name="testPower" duration-ms="1" started-at="2019-12-07T20:08:57Z" finished-at="2019-12-07T20:08:57Z">
          <reporter-output>
          </reporter-output>
        </test-method> <!-- testPower -->
        <test-method status="PASS" signature="drop()[pri:0, instance:testng.TestCalculator@3796751b]" name="drop" is-config="true" duration-ms="0" started-at="2019-12-07T20:08:57Z" finished-at="2019-12-07T20:08:57Z">
          <reporter-output>
          </reporter-output>
        </test-method> <!-- drop -->
        <test-method status="PASS" signature="testRoot()[pri:0, instance:testng.TestCalculator@3796751b]" name="testRoot" duration-ms="0" started-at="2019-12-07T20:08:57Z" finished-at="2019-12-07T20:08:57Z">
          <reporter-output>
          </reporter-output>
        </test-method> <!-- testRoot -->
        <test-method status="PASS" signature="prepareData()[pri:0, instance:testng.TestCalculator@3796751b]" name="prepareData" is-config="true" duration-ms="0" started-at="2019-12-07T20:08:57Z" finished-at="2019-12-07T20:08:57Z">
          <reporter-output>
          </reporter-output>
        </test-method> <!-- prepareData -->
        <test-method status="PASS" signature="drop()[pri:0, instance:testng.TestCalculator@3796751b]" name="drop" is-config="true" duration-ms="0" started-at="2019-12-07T20:08:57Z" finished-at="2019-12-07T20:08:57Z">
          <reporter-output>
          </reporter-output>
        </test-method> <!-- drop -->
        <test-method status="PASS" signature="drop()[pri:0, instance:testng.TestCalculator@3796751b]" name="drop" is-config="true" duration-ms="0" started-at="2019-12-07T20:08:57Z" finished-at="2019-12-07T20:08:57Z">
          <reporter-output>
          </reporter-output>
        </test-method> <!-- drop -->
        <test-method status="PASS" signature="testSubtract()[pri:0, instance:testng.TestCalculator@3796751b]" name="testSubtract" duration-ms="0" started-at="2019-12-07T20:08:57Z" finished-at="2019-12-07T20:08:57Z">
          <reporter-output>
          </reporter-output>
        </test-method> <!-- testSubtract -->
        <test-method status="PASS" signature="prepareData()[pri:0, instance:testng.TestCalculator@3796751b]" name="prepareData" is-config="true" duration-ms="0" started-at="2019-12-07T20:08:57Z" finished-at="2019-12-07T20:08:57Z">
          <reporter-output>
          </reporter-output>
        </test-method> <!-- prepareData -->
      </class> <!-- testng.TestCalculator -->
    </test> <!-- Surefire test -->
  </suite> <!-- Surefire suite -->
</testng-results>
