<?xml version="1.0" encoding="UTF-8"?>
<!-- Generated by org.testng.reporters.JUnitXMLReporter -->
<testsuite hostname="EPKZALMW0013" name="Surefire test" tests="7" failures="0" timestamp="7 Dec 2019 14:08:57 GMT" time="0.031" errors="0">
  <testcase name="testAdd" time="0.002" classname="testng.TestCalculator"/>
  <testcase name="testDivide" time="0.0" classname="testng.TestCalculator"/>
  <testcase name="testDivideByZero" time="0.0" classname="testng.TestCalculator"/>
  <testcase name="testFactorialWithTimeout1" time="0.009" classname="testng.TestCalculator"/>
  <testcase name="testPower" time="0.001" classname="testng.TestCalculator"/>
  <testcase name="testRoot" time="0.0" classname="testng.TestCalculator"/>
  <testcase name="testSubtract" time="0.0" classname="testng.TestCalculator"/>
</testsuite> <!-- Surefire test -->
